<?xml version="1.0" encoding="UTF-8"?>
<testng-results ignored="0" total="2" passed="2" failed="0" skipped="0">
  <reporter-output>
  </reporter-output>
  <suite started-at="2022-10-03T15:59:46 IST" name="Suite" finished-at="2022-10-03T16:00:20 IST" duration-ms="34307">
    <groups>
    </groups>
    <test started-at="2022-10-03T15:59:46 IST" name="TestChrome" finished-at="2022-10-03T16:00:18 IST" duration-ms="32587">
      <class name="com.qa.bridzelabz.Chrome_And_Edge_Parallel_Test">
        <test-method signature="browserSetup(java.lang.String)[pri:0, instance:com.qa.bridzelabz.Chrome_And_Edge_Parallel_Test@38c6f217]" started-at="2022-10-03T15:59:46 IST" name="browserSetup" finished-at="2022-10-03T16:00:18 IST" duration-ms="32517" status="PASS">
          <params>
            <param index="0">
              <value>
                <![CDATA[chrome]]>
              </value>
            </param>
          </params>
          <reporter-output>
          </reporter-output>
        </test-method> <!-- browserSetup -->
      </class> <!-- com.qa.bridzelabz.Chrome_And_Edge_Parallel_Test -->
    </test> <!-- TestChrome -->
    <test started-at="2022-10-03T15:59:46 IST" name="TestEdge" finished-at="2022-10-03T16:00:20 IST" duration-ms="34307">
      <class name="com.qa.bridzelabz.Chrome_And_Edge_Parallel_Test">
        <test-method signature="browserSetup(java.lang.String)[pri:0, instance:com.qa.bridzelabz.Chrome_And_Edge_Parallel_Test@1ea9f6af]" started-at="2022-10-03T15:59:46 IST" name="browserSetup" finished-at="2022-10-03T16:00:20 IST" duration-ms="34242" status="PASS">
          <params>
            <param index="0">
              <value>
                <![CDATA[msedge]]>
              </value>
            </param>
          </params>
          <reporter-output>
          </reporter-output>
        </test-method> <!-- browserSetup -->
      </class> <!-- com.qa.bridzelabz.Chrome_And_Edge_Parallel_Test -->
    </test> <!-- TestEdge -->
  </suite> <!-- Suite -->
</testng-results>
